#
# A fatal error has been detected by the Java Runtime Environment:
#
#  Internal Error (os_windows_x86.cpp:114), pid=11616, tid=14272
#  Error: guarantee(result == -1,"Unexpected result from topLevelExceptionFilter")
#
# JRE version: 6.0_17-b04
# Java VM: Java HotSpot(TM) 64-Bit Server VM (14.3-b01 mixed mode windows-amd64 )
# If you would like to submit a bug report, please visit:
#   http://java.sun.com/webapps/bugreport/crash.jsp
# The crash happened outside the Java Virtual Machine in native code.
# See problematic frame for where to report the bug.
#

---------------  T H R E A D  ---------------

Current thread (0x000000000465c000):  JavaThread "main" [_thread_in_native, id=14272, stack(0x0000000000440000,0x0000000001940000)]

Stack: [0x0000000000440000,0x0000000001940000]
[error occurred during error reporting (printing stack bounds), id 0xc0000005]

Java frames: (J=compiled Java code, j=interpreted, Vv=VM code)
j  com.mathworks.jmi.NativeMatlab.ProcessPendingEvents()Z+0
j  com.mathworks.jmi.NativeMatlab.processPendingEvents()Z+8
j  com.mathworks.jmi.Matlab$ProcessPendingEvents.callBooleanMethod(Ljava/lang/Object;)Z+0
j  com.mathworks.util.FactoryUtils.processPendingEvents()Z+12
j  com.mathworks.mde.desk.MLDesktop.canClose()Z+84
j  com.mathworks.mde.desk.MLDesktop$2.call()Ljava/lang/Boolean;+4
j  com.mathworks.mde.desk.MLDesktop$2.call()Ljava/lang/Object;+1
j  com.mathworks.jmi.Matlab.isOkToExit()Z+54
v  ~StubRoutines::call_stub
J  com.mathworks.jmi.NativeMatlab.SendMatlabMessage(Ljava/lang/Object;)Ljava/lang/Object;
J  com.mathworks.jmi.MatlabLooper.sendMatlabMessage(Lcom/mathworks/services/message/MWMessage;)Ljava/lang/Object;
j  com.mathworks.jmi.Matlab.mtFevalConsoleOutput(Ljava/lang/String;[Ljava/lang/Object;I)Ljava/lang/Object;+58
j  com.mathworks.mde.desk.MLDesktop$8.run()V+14
j  com.mathworks.jmi.NativeMatlab.dispatchMTRequests(Z)V+50
v  ~StubRoutines::call_stub

---------------  P R O C E S S  ---------------

Java Threads: ( => current thread )
  0x0000000047221000 JavaThread "Code Analyzer updating thread" [_thread_blocked, id=9280, stack(0x0000000008aa0000,0x0000000008b20000)]
  0x0000000047222800 JavaThread "Thread-1069" [_thread_blocked, id=4504, stack(0x0000000043490000,0x0000000043510000)]
  0x000000004721d800 JavaThread "Timer-395" [_thread_blocked, id=9808, stack(0x0000000009c00000,0x0000000009c80000)]
  0x0000000047229800 JavaThread "Foxtrot Single Worker Thread #1" daemon [_thread_blocked, id=12144, stack(0x0000000009d00000,0x0000000009d80000)]
  0x000000004721f800 JavaThread "Code Analyzer updating thread" [_thread_blocked, id=10880, stack(0x0000000009b00000,0x0000000009b80000)]
  0x000000004721e000 JavaThread "pool-2-thread-1" [_thread_blocked, id=5020, stack(0x000000000d340000,0x000000000d3c0000)]
  0x000000004721f000 JavaThread "Code Analyzer updating thread" [_thread_blocked, id=4684, stack(0x0000000049ce0000,0x0000000049d60000)]
  0x000000000facc800 JavaThread "Code Analyzer updating thread" [_thread_blocked, id=2472, stack(0x0000000049960000,0x00000000499e0000)]
  0x000000000facc000 JavaThread "Code Analyzer updating thread" [_thread_blocked, id=3608, stack(0x00000000498e0000,0x0000000049960000)]
  0x000000000fac9000 JavaThread "Code Analyzer updating thread" [_thread_blocked, id=3276, stack(0x0000000049760000,0x00000000497e0000)]
  0x000000000fac7800 JavaThread "Code Analyzer updating thread" [_thread_blocked, id=4188, stack(0x00000000496e0000,0x0000000049760000)]
  0x000000000fac8800 JavaThread "Code Analyzer updating thread" [_thread_blocked, id=3448, stack(0x0000000049660000,0x00000000496e0000)]
  0x000000000facb000 JavaThread "Code Analyzer updating thread" [_thread_blocked, id=2236, stack(0x00000000495e0000,0x0000000049660000)]
  0x000000000fad4000 JavaThread "Code Analyzer updating thread" [_thread_blocked, id=5620, stack(0x0000000048390000,0x0000000048410000)]
  0x000000000fac5800 JavaThread "Code Analyzer updating thread" [_thread_blocked, id=14092, stack(0x0000000048310000,0x0000000048390000)]
  0x000000000fad0000 JavaThread "RequestQueue for GenericFileList" [_thread_blocked, id=14388, stack(0x0000000048210000,0x0000000048290000)]
  0x000000000fad1800 JavaThread "Code Analyzer updating thread" [_thread_blocked, id=12912, stack(0x0000000048190000,0x0000000048210000)]
  0x000000000fac6000 JavaThread "Code Analyzer updating thread" [_thread_blocked, id=14872, stack(0x0000000048110000,0x0000000048190000)]
  0x000000000fad3000 JavaThread "Code Analyzer updating thread" [_thread_blocked, id=6872, stack(0x0000000048020000,0x00000000480a0000)]
  0x000000000facf000 JavaThread "Code Analyzer updating thread" [_thread_blocked, id=8300, stack(0x0000000046fd0000,0x0000000047050000)]
  0x000000000facf800 JavaThread "Code Analyzer updating thread" [_thread_blocked, id=3232, stack(0x0000000046f50000,0x0000000046fd0000)]
  0x000000003d55d800 JavaThread "Active Reference Queue Daemon" daemon [_thread_blocked, id=8004, stack(0x0000000046d50000,0x0000000046dd0000)]
  0x000000003d55b800 JavaThread "Timer-6" daemon [_thread_blocked, id=12104, stack(0x0000000046cd0000,0x0000000046d50000)]
  0x000000003d55a000 JavaThread "Timer-5" daemon [_thread_blocked, id=13264, stack(0x0000000046b20000,0x0000000046ba0000)]
  0x000000003d558000 JavaThread "Prefs Updater" daemon [_thread_blocked, id=13904, stack(0x00000000469a0000,0x0000000046a20000)]
  0x000000003d558800 JavaThread "Timer-1" [_thread_blocked, id=6676, stack(0x0000000046920000,0x00000000469a0000)]
  0x000000003d557000 JavaThread "FelixPackageAdmin" daemon [_thread_blocked, id=15132, stack(0x00000000457b0000,0x0000000045830000)]
  0x000000003d5a9000 JavaThread "FelixStartLevel" daemon [_thread_blocked, id=9096, stack(0x0000000045730000,0x00000000457b0000)]
  0x000000003d298800 JavaThread "FelixDispatchQueue" daemon [_thread_blocked, id=11652, stack(0x00000000446a0000,0x0000000044720000)]
  0x000000003d4dc000 JavaThread "TimerQueue" daemon [_thread_blocked, id=5664, stack(0x000000003e8c0000,0x000000003e940000)]
  0x000000000fcdd000 JavaThread "AWT-EventQueue-0" [_thread_blocked, id=12216, stack(0x000000003e350000,0x000000003e3d0000)]
  0x000000003d030000 JavaThread "AWT-Shutdown" [_thread_blocked, id=13372, stack(0x000000000fe60000,0x000000000fee0000)]
  0x000000003d083000 JavaThread "com.google.common.base.internal.Finalizer" daemon [_thread_blocked, id=2876, stack(0x000000003d300000,0x000000003d380000)]
  0x000000003ceb9000 JavaThread "AWT-Windows" daemon [_thread_in_native, id=4548, stack(0x000000000fee0000,0x000000000ff60000)]
  0x000000003d0cf000 JavaThread "Java2D Disposer" daemon [_thread_blocked, id=1880, stack(0x000000000fde0000,0x000000000fe60000)]
  0x000000000fa98800 JavaThread "Timer-0" [_thread_blocked, id=4960, stack(0x000000000fcf0000,0x000000000fd70000)]
  0x000000000fa16000 JavaThread "JMI Unnamed Thread" [_thread_in_native, id=13812, stack(0x0000000007490000,0x0000000008990000)]
  0x000000000f625800 JavaThread "Low Memory Detector" daemon [_thread_blocked, id=12824, stack(0x000000000f860000,0x000000000f8e0000)]
  0x000000000f5f6000 JavaThread "CompilerThread1" daemon [_thread_blocked, id=4464, stack(0x000000003a100000,0x000000003b600000)]
  0x000000000f5f5800 JavaThread "CompilerThread0" daemon [_thread_blocked, id=4540, stack(0x0000000038c00000,0x000000003a100000)]
  0x000000000f5f4000 JavaThread "Attach Listener" daemon [_thread_blocked, id=4576, stack(0x000000000f7e0000,0x000000000f860000)]
  0x000000000f5e6000 JavaThread "Finalizer" daemon [_thread_blocked, id=4620, stack(0x000000000f760000,0x000000000f7e0000)]
  0x000000000f5e5000 JavaThread "Reference Handler" daemon [_thread_blocked, id=3460, stack(0x000000000f6e0000,0x000000000f760000)]
=>0x000000000465c000 JavaThread "main" [_thread_in_native, id=14272, stack(0x0000000000440000,0x0000000001940000)]

Other Threads:
  0x000000000f5e1800 VMThread [stack: 0x0000000037700000,0x0000000038c00000] [id=3848]
  0x000000000f64f800 WatcherThread [stack: 0x000000003b600000,0x000000003cb00000] [id=11124]

VM state:not at safepoint (normal execution)

VM Mutex/Monitor currently owned by a thread: None

Heap
 PSYoungGen      total 20096K, used 12914K [0x0000000029150000, 0x000000002b700000, 0x000000002c250000)
  eden space 17408K, 58% used [0x0000000029150000,0x0000000029b544b8,0x000000002a250000)
  from space 2688K, 98% used [0x000000002a250000,0x000000002a4e8458,0x000000002a4f0000)
  to   space 10560K, 0% used [0x000000002acb0000,0x000000002acb0000,0x000000002b700000)
 PSOldGen        total 150528K, used 140038K [0x000000001fe50000, 0x0000000029150000, 0x0000000029150000)
  object space 150528K, 93% used [0x000000001fe50000,0x0000000028711940,0x0000000029150000)
 PSPermGen       total 107584K, used 64287K [0x0000000017e50000, 0x000000001e760000, 0x000000001fe50000)
  object space 107584K, 59% used [0x0000000017e50000,0x000000001bd17d10,0x000000001e760000)

Dynamic libraries:
0x000007f79df10000 - 0x000007f79df39000 	C:\Program Files\MATLAB\R2011a\bin\win64\MATLAB.exe
0x000007fe2c970000 - 0x000007fe2cb2e000 	C:\Windows\SYSTEM32\ntdll.dll
0x000007fe2bb20000 - 0x000007fe2bc57000 	C:\Windows\system32\KERNEL32.DLL
0x000007fe29b50000 - 0x000007fe29c44000 	C:\Windows\system32\KERNELBASE.dll
0x0000000074460000 - 0x0000000074569000 	C:\Program Files\MATLAB\R2011a\bin\win64\libut.dll
0x0000000073f70000 - 0x000000007407d000 	C:\Program Files\MATLAB\R2011a\bin\win64\libmwfl.dll
0x000000007bed0000 - 0x000000007c0f5000 	C:\Program Files\MATLAB\R2011a\bin\win64\libmwservices.dll
0x0000000074970000 - 0x0000000074a34000 	C:\Program Files\MATLAB\R2011a\bin\win64\mcr.dll
0x00000000576c0000 - 0x0000000057793000 	C:\Windows\WinSxS\amd64_microsoft.vc90.crt_1fc8b3b9a1e18e3b_9.0.30729.6871_none_08e717a5a83adddf\MSVCP90.dll
0x0000000057610000 - 0x00000000576b3000 	C:\Windows\WinSxS\amd64_microsoft.vc90.crt_1fc8b3b9a1e18e3b_9.0.30729.6871_none_08e717a5a83adddf\MSVCR90.dll
0x00000000758a0000 - 0x0000000075920000 	C:\Program Files\MATLAB\R2011a\bin\win64\libmwi18n.dll
0x000000007a3b0000 - 0x000000007a3c0000 	C:\Program Files\MATLAB\R2011a\bin\win64\boost_date_time-vc90-mt-1_40.dll
0x000000007a560000 - 0x000000007a569000 	C:\Program Files\MATLAB\R2011a\bin\win64\boost_system-vc90-mt-1_40.dll
0x000000007a2d0000 - 0x000000007a2e2000 	C:\Program Files\MATLAB\R2011a\bin\win64\boost_thread-vc90-mt-1_40.dll
0x00000000740b0000 - 0x0000000074223000 	C:\Program Files\MATLAB\R2011a\bin\win64\icuuc42.dll
0x000000007a3d0000 - 0x000000007a3e3000 	C:\Program Files\MATLAB\R2011a\bin\win64\icuio42.dll
0x0000000180000000 - 0x0000000180046000 	C:\Program Files\MATLAB\R2011a\bin\win64\tbb.dll
0x000007fe2c260000 - 0x000007fe2c267000 	C:\Windows\system32\PSAPI.DLL
0x000007fe1c280000 - 0x000007fe1c3e3000 	C:\Windows\SYSTEM32\dbghelp.dll
0x000007fe2ba40000 - 0x000007fe2bb1e000 	C:\Windows\system32\ADVAPI32.dll
0x000007fe2b8e0000 - 0x000007fe2ba2c000 	C:\Windows\system32\USER32.dll
0x0000000001b70000 - 0x0000000001b7b000 	C:\Program Files\MATLAB\R2011a\bin\win64\libmwresource_core.dll
0x0000000001b80000 - 0x0000000001c13000 	C:\Program Files\MATLAB\R2011a\bin\win64\libmwMATLAB_res.dll
0x000000007a170000 - 0x000000007a189000 	C:\Program Files\MATLAB\R2011a\bin\win64\boost_filesystem-vc90-mt-1_40.dll
0x000000007a250000 - 0x000000007a263000 	C:\Program Files\MATLAB\R2011a\bin\win64\boost_signals-vc90-mt-1_40.dll
0x000007fe2b3d0000 - 0x000007fe2b3e4000 	C:\Windows\system32\imagehlp.dll
0x0000000075a20000 - 0x0000000075ab2000 	C:\Program Files\MATLAB\R2011a\bin\win64\libmx.dll
0x0000000074330000 - 0x000000007444b000 	C:\Program Files\MATLAB\R2011a\bin\win64\libmwmathutil.dll
0x0000000057110000 - 0x0000000057164000 	C:\Program Files\MATLAB\R2011a\bin\win64\mpath.dll
0x000000007b680000 - 0x000000007b982000 	C:\Program Files\MATLAB\R2011a\bin\win64\mlutil.dll
0x000007fe1e6d0000 - 0x000007fe1e774000 	C:\Windows\WinSxS\amd64_microsoft.windows.common-controls_6595b64144ccf1df_5.82.9200.16658_none_776622cb3175a40c\COMCTL32.dll
0x000007fe2b430000 - 0x000007fe2b4d1000 	C:\Windows\system32\COMDLG32.dll
0x000007fe27130000 - 0x000007fe27145000 	C:\Windows\SYSTEM32\NETAPI32.dll
0x000007fe2b880000 - 0x000007fe2b8d8000 	C:\Windows\system32\WS2_32.dll
0x000007fe2a090000 - 0x000007fe2b370000 	C:\Windows\system32\SHELL32.dll
0x000007fe2c270000 - 0x000007fe2c3ee000 	C:\Windows\system32\ole32.dll
0x000007fe29e70000 - 0x000007fe29f33000 	C:\Windows\system32\OLEAUT32.dll
0x0000000075000000 - 0x00000000750e4000 	C:\Program Files\MATLAB\R2011a\bin\win64\iqm.dll
0x0000000079fb0000 - 0x0000000079fde000 	C:\Program Files\MATLAB\R2011a\bin\win64\libmwbridge.dll
0x0000000057100000 - 0x000000005710f000 	C:\Program Files\MATLAB\R2011a\bin\win64\libmex.dll
0x0000000057050000 - 0x00000000570f4000 	C:\Program Files\MATLAB\R2011a\bin\win64\m_dispatcher.dll
0x0000000056e00000 - 0x000000005704b000 	C:\Program Files\MATLAB\R2011a\bin\win64\mcos.dll
0x0000000056cb0000 - 0x0000000056df1000 	C:\Program Files\MATLAB\R2011a\bin\win64\libmwgui.dll
0x0000000056430000 - 0x0000000056cb0000 	C:\Program Files\MATLAB\R2011a\bin\win64\hg.dll
0x0000000056370000 - 0x000000005642c000 	C:\Program Files\MATLAB\R2011a\bin\win64\hgutils.dll
0x0000000055bd0000 - 0x000000005636c000 	C:\Program Files\MATLAB\R2011a\bin\win64\m_interpreter.dll
0x0000000055b50000 - 0x0000000055bcb000 	C:\Program Files\MATLAB\R2011a\bin\win64\jmi.dll
0x0000000055aa0000 - 0x0000000055b49000 	C:\Program Files\MATLAB\R2011a\bin\win64\udd_mi.dll
0x0000000001c40000 - 0x0000000001f04000 	C:\Program Files\MATLAB\R2011a\bin\win64\uiw.dll
0x0000000055a80000 - 0x0000000055a9b000 	C:\Program Files\MATLAB\R2011a\bin\win64\mwoles05.DLL
0x0000000055a10000 - 0x0000000055a7e000 	C:\Program Files\MATLAB\R2011a\bin\win64\comcli.dll
0x0000000055a00000 - 0x0000000055a0c000 	C:\Program Files\MATLAB\R2011a\bin\win64\mlautoregister.dll
0x0000000001f10000 - 0x0000000001f1d000 	C:\Program Files\MATLAB\R2011a\bin\win64\boost_iostreams-vc90-mt-1_40.dll
0x000007fe2c760000 - 0x000007fe2c8a1000 	C:\Windows\system32\GDI32.dll
0x000000007a010000 - 0x000000007a035000 	C:\Program Files\MATLAB\R2011a\bin\win64\LIBEXPAT.dll
0x00000000739d0000 - 0x0000000073b8c000 	C:\Program Files\MATLAB\R2011a\bin\win64\icuin42.dll
0x0000000010000000 - 0x0000000010f47000 	C:\Program Files\MATLAB\R2011a\bin\win64\icudt42.dll
0x000007fe2c8c0000 - 0x000007fe2c965000 	C:\Windows\system32\msvcrt.dll
0x000007fe2c200000 - 0x000007fe2c248000 	C:\Windows\SYSTEM32\sechost.dll
0x000007fe29f40000 - 0x000007fe2a085000 	C:\Windows\system32\RPCRT4.dll
0x000000007a210000 - 0x000000007a226000 	C:\Program Files\MATLAB\R2011a\bin\win64\zlib1.dll
0x0000000055970000 - 0x00000000559f2000 	C:\Program Files\MATLAB\R2011a\bin\win64\xmlcore.dll
0x000000007bc30000 - 0x000000007be83000 	C:\Program Files\MATLAB\R2011a\bin\win64\xerces-c_2_7.dll
0x000007fe2c110000 - 0x000007fe2c160000 	C:\Windows\system32\SHLWAPI.dll
0x000007fe29240000 - 0x000007fe2924e000 	C:\Windows\SYSTEM32\netutils.dll
0x000007fe29490000 - 0x000007fe294b4000 	C:\Windows\SYSTEM32\srvcli.dll
0x000007fe272f0000 - 0x000007fe27305000 	C:\Windows\SYSTEM32\wkscli.dll
0x000007fe2c8b0000 - 0x000007fe2c8b9000 	C:\Windows\system32\NSI.dll
0x000007fe2bc60000 - 0x000007fe2be10000 	C:\Windows\SYSTEM32\combase.dll
0x00000000558b0000 - 0x0000000055969000 	C:\Program Files\MATLAB\R2011a\bin\win64\udd.dll
0x0000000074880000 - 0x0000000074945000 	C:\Program Files\MATLAB\R2011a\bin\win64\boost_regex-vc90-mt-1_40.dll
0x0000000055890000 - 0x00000000558a7000 	C:\Program Files\MATLAB\R2011a\bin\win64\graphics_util.dll
0x0000000076100000 - 0x000000007614f000 	C:\Program Files\MATLAB\R2011a\bin\win64\libmat.dll
0x0000000055850000 - 0x000000005588c000 	C:\Program Files\MATLAB\R2011a\bin\win64\libmwhardcopy.dll
0x00000000557f0000 - 0x0000000055848000 	C:\Program Files\MATLAB\R2011a\bin\win64\libuij.dll
0x0000000055600000 - 0x00000000557e3000 	C:\Program Files\MATLAB\R2011a\bin\win64\hgdatatypes.dll
0x0000000055580000 - 0x00000000555fc000 	C:\Program Files\MATLAB\R2011a\bin\win64\libmwlapack.dll
0x0000000055090000 - 0x0000000055574000 	C:\Windows\WinSxS\amd64_microsoft.vc90.mfc_1fc8b3b9a1e18e3b_9.0.30729.6161_none_044aad0bab1eb146\mfc90.dll
0x000007fe22e20000 - 0x000007fe22e9d000 	C:\Windows\SYSTEM32\WINSPOOL.DRV
0x0000000055010000 - 0x000000005508f000 	C:\Program Files\MATLAB\R2011a\bin\win64\profiler.dll
0x0000000079f40000 - 0x0000000079f6c000 	C:\Program Files\MATLAB\R2011a\bin\win64\libmwmathrng.dll
0x0000000054ff0000 - 0x0000000055010000 	C:\Program Files\MATLAB\R2011a\bin\win64\m_pcodeio.dll
0x0000000079b10000 - 0x0000000079b71000 	C:\Program Files\MATLAB\R2011a\bin\win64\m_ir.dll
0x00000000549b0000 - 0x0000000054feb000 	C:\Program Files\MATLAB\R2011a\bin\win64\m_parser.dll
0x0000000054980000 - 0x00000000549ab000 	C:\Program Files\MATLAB\R2011a\bin\win64\m_pcodegen.dll
0x0000000076160000 - 0x00000000761c2000 	C:\Program Files\MATLAB\R2011a\bin\win64\libmwspmatrix.dll
0x00000000020b0000 - 0x00000000020be000 	C:\Program Files\MATLAB\R2011a\bin\win64\nativejava_services.dll
0x0000000054970000 - 0x000000005497a000 	C:\Program Files\MATLAB\R2011a\bin\win64\uinone.dll
0x0000000054940000 - 0x000000005496f000 	C:\Windows\WinSxS\amd64_microsoft.vc90.atl_1fc8b3b9a1e18e3b_9.0.30729.6161_none_0a1fd3a3a768b895\ATL90.DLL
0x0000000072d30000 - 0x0000000072f33000 	C:\Program Files\MATLAB\R2011a\bin\win64\libhdf5.dll
0x0000000054920000 - 0x0000000054932000 	C:\Program Files\MATLAB\R2011a\bin\win64\libmwbinder.dll
0x0000000054910000 - 0x000000005491b000 	C:\Program Files\MATLAB\R2011a\bin\win64\libmwompwrapper.dll
0x000007fe26450000 - 0x000007fe26457000 	C:\Windows\SYSTEM32\MSIMG32.dll
0x00000000548f0000 - 0x0000000054909000 	C:\Program Files\MATLAB\R2011a\bin\win64\ir_xfmr.dll
0x00000000548e0000 - 0x00000000548ec000 	C:\Program Files\MATLAB\R2011a\bin\win64\mtok.dll
0x000007fe27f50000 - 0x000007fe27fe5000 	C:\Windows\SYSTEM32\SHCORE.DLL
0x000007fe2b3f0000 - 0x000007fe2b429000 	C:\Windows\system32\IMM32.DLL
0x000007fe29d50000 - 0x000007fe29e66000 	C:\Windows\system32\MSCTF.dll
0x000007fe28690000 - 0x000007fe28776000 	C:\Windows\system32\UxTheme.dll
0x000007fe27ba0000 - 0x000007fe27bc1000 	C:\Windows\system32\dwmapi.dll
0x00000000548d0000 - 0x00000000548d9000 	C:\Windows\WinSxS\amd64_microsoft.vc90.mfcloc_1fc8b3b9a1e18e3b_9.0.30729.6161_none_01c9581e60cbee58\MFC90CHS.DLL
0x0000000003f80000 - 0x0000000003fa9000 	C:\Program Files\MATLAB\R2011a\bin\win64\tbbmalloc.dll
0x000007fe29880000 - 0x000007fe29895000 	C:\Windows\system32\profapi.dll
0x000007fe24fd0000 - 0x000007fe24ffa000 	C:\Windows\SYSTEM32\iphlpapi.dll
0x000007fe24ec0000 - 0x000007fe24eca000 	C:\Windows\SYSTEM32\WINNSI.DLL
0x000007fe28f50000 - 0x000007fe28fe8000 	C:\Windows\SYSTEM32\DNSAPI.dll
0x000007fe24c30000 - 0x000007fe24c43000 	C:\Windows\SYSTEM32\dhcpcsvc6.DLL
0x000007fe24c10000 - 0x000007fe24c28000 	C:\Windows\SYSTEM32\dhcpcsvc.DLL
0x000007fe27c80000 - 0x000007fe27c83000 	C:\Windows\SYSTEM32\icmp.Dll
0x000007fe29710000 - 0x000007fe2971a000 	C:\Windows\SYSTEM32\CRYPTBASE.dll
0x000007fe296b0000 - 0x000007fe2970c000 	C:\Windows\SYSTEM32\bcryptPrimitives.dll
0x000007fe29b00000 - 0x000007fe29b4f000 	C:\Windows\system32\cfgmgr32.dll
0x0000000078870000 - 0x0000000078ecd000 	C:\Program Files\MATLAB\R2011a\sys\java\jre\win64\jre\bin\server\jvm.dll
0x000007fe23730000 - 0x000007fe23750000 	C:\Windows\SYSTEM32\WINMM.dll
0x000007fe236f0000 - 0x000007fe23723000 	C:\Windows\SYSTEM32\WINMMBASE.dll
0x000007fe29c50000 - 0x000007fe29c72000 	C:\Windows\system32\DEVOBJ.dll
0x000000007a440000 - 0x000000007a44e000 	C:\Program Files\MATLAB\R2011a\sys\java\jre\win64\jre\bin\verify.dll
0x000000007a070000 - 0x000000007a097000 	C:\Program Files\MATLAB\R2011a\sys\java\jre\win64\jre\bin\java.dll
0x000000007a540000 - 0x000000007a54a000 	C:\Program Files\MATLAB\R2011a\sys\java\jre\win64\jre\bin\hpi.dll
0x000000007a370000 - 0x000000007a382000 	C:\Program Files\MATLAB\R2011a\sys\java\jre\win64\jre\bin\zip.dll
0x0000000075b90000 - 0x0000000075bfb000 	C:\Program Files\MATLAB\R2011a\sys\java\jre\win64\jre\bin\fontmanager.dll
0x0000000073150000 - 0x0000000073311000 	C:\Program Files\MATLAB\R2011a\sys\java\jre\win64\jre\bin\awt.dll
0x000007fe24890000 - 0x000007fe2492f000 	C:\Windows\system32\apphelp.dll
0x0000000079cf0000 - 0x0000000079d36000 	C:\Program Files\MATLAB\R2011a\bin\win64\nativejmi.dll
0x000000007a600000 - 0x000000007a608000 	C:\Program Files\MATLAB\R2011a\bin\win64\nativeservices.dll
0x000000007a0d0000 - 0x000000007a0e8000 	C:\Program Files\MATLAB\R2011a\bin\win64\nativejava.dll
0x000007fe21180000 - 0x000007fe21197000 	C:\Windows\SYSTEM32\MPR.dll
0x000000007a230000 - 0x000000007a247000 	C:\Program Files\MATLAB\R2011a\sys\java\jre\win64\jre\bin\net.dll

VM Arguments:
jvm_args: -Xss512k -XX:PermSize=32m -Xms64m -XX:NewRatio=3 -XX:MaxPermSize=128m -Xmx196m -XX:MaxDirectMemorySize=2147400000 -Dsun.java2d.noddraw=true -Dsun.awt.nopixfmt=true -Xshare:off -Xrs -Dsun.awt.disableMixing=true -Djava.library.path=C:\Program Files\MATLAB\R2011a\bin\win64 vfprintf abort 
java_command: <unknown>
Launcher Type: generic

Environment Variables:
PATH=C:\Windows\system32;C:\Windows;C:\Windows\System32\Wbem;C:\Windows\System32\WindowsPowerShell\v1.0\;C:\Program Files (x86)\Microsoft SQL Server\100\Tools\Binn\;C:\Program Files\Microsoft SQL Server\100\Tools\Binn\;C:\Program Files\Microsoft SQL Server\100\DTS\Binn\;C:\Program Files\OpenCV\build\x86\vc10\bin;C:\Program Files\OpenCV\build\common\tbb\ia32\vc10;C:\Program Files\Microsoft\Web Platform Installer\;C:\Program Files (x86)\Microsoft ASP.NET\ASP.NET Web Pages\v1.0\;C:\Program Files (x86)\Windows Kits\8.0\Windows Performance Toolkit\;C:\Program Files\Microsoft SQL Server\110\Tools\Binn\;C:\Program Files\MATLAB\R2011a\runtime\win64;C:\Program Files\MATLAB\R2011a\bin;D:\Program Files\Softkinetic\iisu\bin;C:\Program Files (x86)\SoftKinetic\DepthSenseSDK\bin;C:\Program Files\SoftKinetic\DepthSenseSDK\bin;C:\Program Files (x86)\Intel\OpenCL SDK\2.0\bin\x86;C:\Program Files (x86)\Intel\OpenCL SDK\2.0\bin\x64;D:\Program Files\CTEX\CTeX\ty\bin;D:\Program Files\CTEX\Ghostscript\gs9.05\bin;D:\Program Files\CTEX\GSview\gsview;D:\Program Files\CTEX\WinEdt;D:\Program Files\CTEX\MiKTeX\miktex\bin\;D:\Program Files\TortoiseGit\bin;D:\yzhou\bin.win32;C:\Program Files (x86)\Microsoft SQL Server\80\Tools\Binn\;D:\Program Files\CTEX\MiKTeX\miktex\bin\;C:\Program Files (x86)\DBank\ClickUp
USERNAME=hanjie.wang
OS=Windows_NT
PROCESSOR_IDENTIFIER=Intel64 Family 6 Model 42 Stepping 7, GenuineIntel



---------------  S Y S T E M  ---------------

OS: Windows NT 6.2 Build 9200 

CPU:total 8 (8 cores per cpu, 2 threads per core) family 6 model 42 stepping 7, cmov, cx8, fxsr, mmx, sse, sse2, sse3, ssse3, sse4.1, sse4.2, ht

Memory: 4k page, physical 12379704k(7656040k free), swap 20669792k(13879968k free)

vm_info: Java HotSpot(TM) 64-Bit Server VM (14.3-b01) for windows-amd64 JRE (1.6.0_17-b04), built on Oct 11 2009 00:46:08 by "java_re" with MS VC++ 8.0

time: Wed Aug 27 11:28:22 2014
elapsed time: 76206 seconds

